2023-12-24 13:32:23.671 -- [1;35m[main][m [1;32mINFO [m org.example.jvm.HeapAllocA.main - æ€»å †å†…å­˜ï¼š245MB
2023-12-24 13:32:23.672 -- [1;35m[main][m [1;32mINFO [m org.example.jvm.HeapAllocA.main - æœ€å¤§å †å†…å­˜ï¼š3641MB
2023-12-24 13:32:23.673 -- [1;35m[main][m [1;32mINFO [m org.example.jvm.HeapAllocA.main - ç©ºé—²å †å†…å­˜ï¼š207MB
2023-12-24 13:32:23.674 -- [1;35m[main][m [1;32mINFO [m org.example.jvm.HeapAllocA.main - åˆ†é…äº†1MBç©ºé—´ç»™æ•°ç»„
2023-12-24 13:32:23.674 -- [1;35m[main][m [1;32mINFO [m org.example.jvm.HeapAllocA.main - æ€»å †å†…å­˜ï¼š245MB
2023-12-24 13:32:23.674 -- [1;35m[main][m [1;32mINFO [m org.example.jvm.HeapAllocA.main - æœ€å¤§å †å†…å­˜ï¼š3641MB
2023-12-24 13:32:23.675 -- [1;35m[main][m [1;32mINFO [m org.example.jvm.HeapAllocA.main - ç©ºé—²å †å†…å­˜ï¼š206MB
2023-12-24 13:32:23.676 -- [1;35m[main][m [1;32mINFO [m org.example.jvm.HeapAllocA.main - åˆ†é…äº†4MBç©ºé—´ç»™æ•°ç»„
2023-12-24 13:32:23.676 -- [1;35m[main][m [1;32mINFO [m org.example.jvm.HeapAllocA.main - æ€»å †å†…å­˜ï¼š245MB
2023-12-24 13:32:23.676 -- [1;35m[main][m [1;32mINFO [m org.example.jvm.HeapAllocA.main - æœ€å¤§å †å†…å­˜ï¼š3641MB
2023-12-24 13:32:23.677 -- [1;35m[main][m [1;32mINFO [m org.example.jvm.HeapAllocA.main - ç©ºé—²å †å†…å­˜ï¼š202MB
2023-12-24 13:33:40.611 -- [1;35m[main][m [1;32mINFO [m org.example.jvm.HeapAllocA.main - åˆè¯†å †å†…å­˜ï¼š9MB
2023-12-24 13:33:40.613 -- [1;35m[main][m [1;32mINFO [m org.example.jvm.HeapAllocA.main - æœ€å¤§å †å†…å­˜ï¼š18MB
2023-12-24 13:33:40.613 -- [1;35m[main][m [1;32mINFO [m org.example.jvm.HeapAllocA.main - ç©ºé—²å †å†…å­˜ï¼š3MB
2023-12-24 13:33:40.613 -- [1;35m[main][m [1;32mINFO [m org.example.jvm.HeapAllocA.main - åˆ†é…äº†1MBç©ºé—´ç»™æ•°ç»„
2023-12-24 13:33:40.614 -- [1;35m[main][m [1;32mINFO [m org.example.jvm.HeapAllocA.main - åˆè¯†å †å†…å­˜ï¼š9MB
2023-12-24 13:33:40.614 -- [1;35m[main][m [1;32mINFO [m org.example.jvm.HeapAllocA.main - æœ€å¤§å †å†…å­˜ï¼š18MB
2023-12-24 13:33:40.614 -- [1;35m[main][m [1;32mINFO [m org.example.jvm.HeapAllocA.main - ç©ºé—²å †å†…å­˜ï¼š2MB
2023-12-24 13:33:40.615 -- [1;35m[main][m [1;32mINFO [m org.example.jvm.HeapAllocA.main - åˆ†é…äº†4MBç©ºé—´ç»™æ•°ç»„
2023-12-24 13:33:40.615 -- [1;35m[main][m [1;32mINFO [m org.example.jvm.HeapAllocA.main - åˆè¯†å †å†…å­˜ï¼š13MB
2023-12-24 13:33:40.615 -- [1;35m[main][m [1;32mINFO [m org.example.jvm.HeapAllocA.main - æœ€å¤§å †å†…å­˜ï¼š18MB
2023-12-24 13:33:40.616 -- [1;35m[main][m [1;32mINFO [m org.example.jvm.HeapAllocA.main - ç©ºé—²å †å†…å­˜ï¼š2MB
2023-12-24 13:36:15.292 -- [1;35m[main][m [1;32mINFO [m org.example.jvm.HeapAllocA.main - åˆè¯†å †å†…å­˜ï¼š9437184MB
2023-12-24 13:36:15.294 -- [1;35m[main][m [1;32mINFO [m org.example.jvm.HeapAllocA.main - æœ€å¤§å †å†…å­˜ï¼š18874368MB
2023-12-24 13:36:15.295 -- [1;35m[main][m [1;32mINFO [m org.example.jvm.HeapAllocA.main - ç©ºé—²å †å†…å­˜ï¼š3683384MB
2023-12-24 13:36:15.296 -- [1;35m[main][m [1;32mINFO [m org.example.jvm.HeapAllocA.main - åˆ†é…äº†1MBç©ºé—´ç»™æ•°ç»„
2023-12-24 13:36:15.296 -- [1;35m[main][m [1;32mINFO [m org.example.jvm.HeapAllocA.main - åˆè¯†å †å†…å­˜ï¼š9437184MB
2023-12-24 13:36:15.297 -- [1;35m[main][m [1;32mINFO [m org.example.jvm.HeapAllocA.main - æœ€å¤§å †å†…å­˜ï¼š18874368MB
2023-12-24 13:36:15.297 -- [1;35m[main][m [1;32mINFO [m org.example.jvm.HeapAllocA.main - ç©ºé—²å †å†…å­˜ï¼š2562512MB
2023-12-24 13:36:15.298 -- [1;35m[main][m [1;32mINFO [m org.example.jvm.HeapAllocA.main - åˆ†é…äº†4MBç©ºé—´ç»™æ•°ç»„
2023-12-24 13:36:15.299 -- [1;35m[main][m [1;32mINFO [m org.example.jvm.HeapAllocA.main - åˆè¯†å †å†…å­˜ï¼š14155776MB
2023-12-24 13:36:15.299 -- [1;35m[main][m [1;32mINFO [m org.example.jvm.HeapAllocA.main - æœ€å¤§å †å†…å­˜ï¼š18874368MB
2023-12-24 13:36:15.300 -- [1;35m[main][m [1;32mINFO [m org.example.jvm.HeapAllocA.main - ç©ºé—²å †å†…å­˜ï¼š3086784MB
2023-12-24 13:39:08.258 -- [1;35m[main][m [1;32mINFO [m org.example.jvm.HeapAllocA.main - åˆè¯†å †å†…å­˜ï¼š9437184bytes
2023-12-24 13:39:08.260 -- [1;35m[main][m [1;32mINFO [m org.example.jvm.HeapAllocA.main - æœ€å¤§å †å†…å­˜ï¼š18874368bytes
2023-12-24 13:39:08.260 -- [1;35m[main][m [1;32mINFO [m org.example.jvm.HeapAllocA.main - ç©ºé—²å †å†…å­˜ï¼š3565016bytes
2023-12-24 13:39:08.261 -- [1;35m[main][m [1;32mINFO [m org.example.jvm.HeapAllocA.main - åˆ†é…äº†1MBç©ºé—´ç»™æ•°ç»„
2023-12-24 13:39:08.261 -- [1;35m[main][m [1;32mINFO [m org.example.jvm.HeapAllocA.main - åˆè¯†å †å†…å­˜ï¼š9437184bytes
2023-12-24 13:39:08.261 -- [1;35m[main][m [1;32mINFO [m org.example.jvm.HeapAllocA.main - æœ€å¤§å †å†…å­˜ï¼š18874368bytes
2023-12-24 13:39:08.261 -- [1;35m[main][m [1;32mINFO [m org.example.jvm.HeapAllocA.main - ç©ºé—²å †å†…å­˜ï¼š2516424bytes
2023-12-24 13:39:08.262 -- [1;35m[main][m [1;32mINFO [m org.example.jvm.HeapAllocA.main - åˆ†é…äº†4MBç©ºé—´ç»™æ•°ç»„
2023-12-24 13:39:08.263 -- [1;35m[main][m [1;32mINFO [m org.example.jvm.HeapAllocA.main - åˆè¯†å †å†…å­˜ï¼š14155776bytes
2023-12-24 13:39:08.263 -- [1;35m[main][m [1;32mINFO [m org.example.jvm.HeapAllocA.main - æœ€å¤§å †å†…å­˜ï¼š18874368bytes
2023-12-24 13:39:08.264 -- [1;35m[main][m [1;32mINFO [m org.example.jvm.HeapAllocA.main - ç©ºé—²å †å†…å­˜ï¼š2968544bytes
2023-12-24 13:40:23.251 -- [1;35m[main][m [1;32mINFO [m org.example.jvm.HeapAllocA.main - åˆè¯†å †å†…å­˜ï¼š9437184bytes
2023-12-24 13:40:23.253 -- [1;35m[main][m [1;32mINFO [m org.example.jvm.HeapAllocA.main - æœ€å¤§å †å†…å­˜ï¼š18874368bytes
2023-12-24 13:40:23.253 -- [1;35m[main][m [1;32mINFO [m org.example.jvm.HeapAllocA.main - ç©ºé—²å †å†…å­˜ï¼š3631480bytes
2023-12-24 13:40:23.254 -- [1;35m[main][m [1;32mINFO [m org.example.jvm.HeapAllocA.main - åˆ†é…äº†1MBç©ºé—´ç»™æ•°ç»„
2023-12-24 13:40:23.254 -- [1;35m[main][m [1;32mINFO [m org.example.jvm.HeapAllocA.main - åˆè¯†å †å†…å­˜ï¼š9437184bytes
2023-12-24 13:40:23.255 -- [1;35m[main][m [1;32mINFO [m org.example.jvm.HeapAllocA.main - æœ€å¤§å †å†…å­˜ï¼š18874368bytes
2023-12-24 13:40:23.256 -- [1;35m[main][m [1;32mINFO [m org.example.jvm.HeapAllocA.main - ç©ºé—²å †å†…å­˜ï¼š2510424bytes
2023-12-24 13:40:23.257 -- [1;35m[main][m [1;32mINFO [m org.example.jvm.HeapAllocA.main - åˆ†é…äº†4MBç©ºé—´ç»™æ•°ç»„
2023-12-24 13:40:23.257 -- [1;35m[main][m [1;32mINFO [m org.example.jvm.HeapAllocA.main - åˆè¯†å †å†…å­˜ï¼š14155776bytes
2023-12-24 13:40:23.257 -- [1;35m[main][m [1;32mINFO [m org.example.jvm.HeapAllocA.main - æœ€å¤§å †å†…å­˜ï¼š18874368bytes
2023-12-24 13:40:23.258 -- [1;35m[main][m [1;32mINFO [m org.example.jvm.HeapAllocA.main - ç©ºé—²å †å†…å­˜ï¼š3034696bytes
2023-12-24 18:06:20.085 -- [1;35m[main][m [1;32mINFO [m org.example.jvm.HeapAllocA.main - åˆè¯†å †å†…å­˜ï¼š6094848bytes
2023-12-24 18:06:20.088 -- [1;35m[main][m [1;32mINFO [m org.example.jvm.HeapAllocA.main - æœ€å¤§å †å†…å­˜ï¼š20316160bytes
2023-12-24 18:06:20.088 -- [1;35m[main][m [1;32mINFO [m org.example.jvm.HeapAllocA.main - ç©ºé—²å †å†…å­˜ï¼š1794584bytes
2023-12-24 18:06:20.092 -- [1;35m[main][m [1;32mINFO [m org.example.jvm.HeapAllocA.main - åˆ†é…äº†1MBç©ºé—´ç»™æ•°ç»„
2023-12-24 18:06:20.092 -- [1;35m[main][m [1;32mINFO [m org.example.jvm.HeapAllocA.main - åˆè¯†å †å†…å­˜ï¼š6094848bytes
2023-12-24 18:06:20.092 -- [1;35m[main][m [1;32mINFO [m org.example.jvm.HeapAllocA.main - æœ€å¤§å †å†…å­˜ï¼š20316160bytes
2023-12-24 18:06:20.092 -- [1;35m[main][m [1;32mINFO [m org.example.jvm.HeapAllocA.main - ç©ºé—²å †å†…å­˜ï¼š1655128bytes
2023-12-24 18:06:20.107 -- [1;35m[main][m [1;32mINFO [m org.example.jvm.HeapAllocA.main - åˆ†é…äº†4MBç©ºé—´ç»™æ•°ç»„
2023-12-24 18:06:20.108 -- [1;35m[main][m [1;32mINFO [m org.example.jvm.HeapAllocA.main - åˆè¯†å †å†…å­˜ï¼š13357056bytes
2023-12-24 18:06:20.108 -- [1;35m[main][m [1;32mINFO [m org.example.jvm.HeapAllocA.main - æœ€å¤§å †å†…å­˜ï¼š20316160bytes
2023-12-24 18:06:20.108 -- [1;35m[main][m [1;32mINFO [m org.example.jvm.HeapAllocA.main - ç©ºé—²å †å†…å­˜ï¼š5294176bytes
