2023-02-07 09:05:11.524 -- [1;35m[main][m [1;32mINFO [m com.example.javase.stream.ListDistinctTest.distinctBySet - é€šè¿‡LinkedHashSetå‰”é‡ç»“æœï¼š[DistinctModelPO(userName=a1, passWord=b1), DistinctModelPO(userName=a2, passWord=b2), DistinctModelPO(userName=a3, passWord=b3), DistinctModelPO(userName=a4, passWord=b4)]
2023-02-07 09:05:46.262 -- [1;35m[main][m [1;32mINFO [m com.example.javase.stream.ListDistinctTest.distinctBySet - é€šè¿‡LinkedHashSetå‰”é‡ç»“æœï¼š[DistinctModelPO(userName=a1, passWord=b1), DistinctModelPO(userName=a2, passWord=b2)]
2023-02-07 09:06:24.492 -- [1;35m[main][m [1;32mINFO [m com.example.javase.stream.ListDistinctTest.distinctBySet - ä½¿ç”¨LinkedHashSetåˆ é™¤arraylistä¸­çš„é‡å¤æ•°æ®-ç»“æœï¼š[DistinctModelPO(userName=a1, passWord=b1), DistinctModelPO(userName=a2, passWord=b2)]
2023-02-07 09:08:50.243 -- [1;35m[main][m [1;32mINFO [m com.example.javase.stream.ListDistinctTest.distinctByStream - ä½¿ç”¨java8æ–°ç‰¹æ€§streamå‰”é‡-ç»“æœï¼š[DistinctModelPO(userName=a1, passWord=b1), DistinctModelPO(userName=a2, passWord=b2)]
2023-02-07 09:12:11.560 -- [1;35m[main][m [1;32mINFO [m com.example.javase.stream.ListDistinctTest.distinctByLinkedHashSet - ä½¿ç”¨LinkedHashSetå‰”é‡-ç»“æœï¼š[DistinctModelPO(userName=a1, passWord=b1), DistinctModelPO(userName=a2, passWord=b2)]
2023-02-07 09:17:27.221 -- [1;35m[main][m [1;32mINFO [m com.example.javase.stream.ListDistinctTest.distinctByHashSet - ä½¿ç”¨HashSetä¸èƒ½æ·»åŠ é‡å¤æ•°æ®çš„ç‰¹æ€§å‰”é‡-ç»“æœï¼š[DistinctModelPO(userName=a1, passWord=b1), DistinctModelPO(userName=a2, passWord=b2)]
2023-02-07 09:22:33.476 -- [1;35m[main][m [1;32mINFO [m com.example.javase.stream.ListDistinctTest.distinctByList - åˆ©ç”¨Listçš„containsæ–¹æ³•å‰”é‡-ç»“æœï¼š[DistinctModelPO(userName=a1, passWord=b1), DistinctModelPO(userName=a2, passWord=b2)]
2023-02-07 09:22:42.005 -- [1;35m[main][m [1;32mINFO [m com.example.javase.stream.ListDistinctTest.distinctByHashSet - ä½¿ç”¨HashSetä¸èƒ½æ·»åŠ é‡å¤æ•°æ®çš„ç‰¹æ€§å‰”é‡-ç»“æœï¼š[DistinctModelPO(userName=a1, passWord=b1), DistinctModelPO(userName=a2, passWord=b2)]
2023-02-07 09:22:48.728 -- [1;35m[main][m [1;32mINFO [m com.example.javase.stream.ListDistinctTest.distinctByLinkedHashSet - ä½¿ç”¨LinkedHashSetå‰”é‡-ç»“æœï¼š[DistinctModelPO(userName=a1, passWord=b1), DistinctModelPO(userName=a2, passWord=b2)]
2023-02-07 09:22:48.735 -- [1;35m[main][m [1;32mINFO [m com.example.javase.stream.ListDistinctTest.distinctByStream - ä½¿ç”¨java8æ–°ç‰¹æ€§streamå‰”é‡-ç»“æœï¼š[DistinctModelPO(userName=a1, passWord=b1), DistinctModelPO(userName=a2, passWord=b2)]
2023-02-07 09:22:48.740 -- [1;35m[main][m [1;32mINFO [m com.example.javase.stream.ListDistinctTest.distinctByHashSet - ä½¿ç”¨HashSetä¸èƒ½æ·»åŠ é‡å¤æ•°æ®çš„ç‰¹æ€§å‰”é‡-ç»“æœï¼š[DistinctModelPO(userName=a1, passWord=b1), DistinctModelPO(userName=a2, passWord=b2)]
2023-02-07 09:22:48.742 -- [1;35m[main][m [1;32mINFO [m com.example.javase.stream.ListDistinctTest.distinctByList - åˆ©ç”¨Listçš„containsæ–¹æ³•å‰”é‡-ç»“æœï¼š[DistinctModelPO(userName=a1, passWord=b1), DistinctModelPO(userName=a2, passWord=b2)]
2023-02-07 09:33:51.667 -- [1;35m[main][m [1;32mINFO [m com.example.javase.list.ListDistinctTest.distinctByLinkedHashSet - ä½¿ç”¨LinkedHashSetå‰”é‡-ç»“æœï¼š[DistinctModelPO(userName=a1, passWord=b1), DistinctModelPO(userName=a2, passWord=b2)]
2023-02-07 09:33:51.675 -- [1;35m[main][m [1;32mINFO [m com.example.javase.list.ListDistinctTest.distinctByFor - åŒé‡forå¾ªç¯å‰”é‡-ç»“æœï¼š[DistinctModelPO(userName=a1, passWord=b1), DistinctModelPO(userName=a1, passWord=b3)]
2023-02-07 09:33:51.680 -- [1;35m[main][m [1;32mINFO [m com.example.javase.list.ListDistinctTest.distinctByStream - ä½¿ç”¨java8æ–°ç‰¹æ€§streamå‰”é‡-ç»“æœï¼š[DistinctModelPO(userName=a1, passWord=b1), DistinctModelPO(userName=a2, passWord=b2)]
2023-02-07 09:33:51.683 -- [1;35m[main][m [1;32mINFO [m com.example.javase.list.ListDistinctTest.distinctByHashSet - ä½¿ç”¨HashSetä¸èƒ½æ·»åŠ é‡å¤æ•°æ®çš„ç‰¹æ€§å‰”é‡-ç»“æœï¼š[DistinctModelPO(userName=a1, passWord=b1), DistinctModelPO(userName=a2, passWord=b2)]
2023-02-07 09:33:51.684 -- [1;35m[main][m [1;32mINFO [m com.example.javase.list.ListDistinctTest.distinctByList - åˆ©ç”¨Listçš„containsæ–¹æ³•å‰”é‡-ç»“æœï¼š[DistinctModelPO(userName=a1, passWord=b1), DistinctModelPO(userName=a2, passWord=b2)]
2023-02-07 09:36:50.035 -- [1;35m[main][m [1;32mINFO [m com.example.javase.list.ListDistinctTest.distinctByHuTool - ä½¿ç”¨HuToolå·¥å…·å‰”é‡-ç»“æœï¼š[DistinctModelPO(userName=a1, passWord=b1), DistinctModelPO(userName=a2, passWord=b2)]
2023-02-07 09:39:23.488 -- [1;35m[main][m [1;32mINFO [m com.example.javase.list.ListDistinctTest.distinctByHuTool - ä½¿ç”¨HuToolå·¥å…·å‰”é‡-ç»“æœï¼š[DistinctModelPO(userName=a1, passWord=b1), DistinctModelPO(userName=a2, passWord=b2), null]
2023-02-07 09:39:23.498 -- [1;35m[main][m [1;32mINFO [m com.example.javase.list.ListDistinctTest.distinctByLinkedHashSet - ä½¿ç”¨LinkedHashSetå‰”é‡-ç»“æœï¼š[DistinctModelPO(userName=a1, passWord=b1), DistinctModelPO(userName=a2, passWord=b2), null]
2023-02-07 09:39:23.503 -- [1;35m[main][m [1;32mINFO [m com.example.javase.list.ListDistinctTest.distinctByFor - åŒé‡forå¾ªç¯å‰”é‡-ç»“æœï¼š[DistinctModelPO(userName=a1, passWord=b1), DistinctModelPO(userName=a1, passWord=b3)]
2023-02-07 09:39:23.505 -- [1;35m[main][m [1;32mINFO [m com.example.javase.list.ListDistinctTest.distinctByStream - ä½¿ç”¨java8æ–°ç‰¹æ€§streamå‰”é‡-ç»“æœï¼š[DistinctModelPO(userName=a1, passWord=b1), DistinctModelPO(userName=a2, passWord=b2), null]
2023-02-07 09:39:23.507 -- [1;35m[main][m [1;32mINFO [m com.example.javase.list.ListDistinctTest.distinctByHashSet - ä½¿ç”¨HashSetä¸èƒ½æ·»åŠ é‡å¤æ•°æ®çš„ç‰¹æ€§å‰”é‡-ç»“æœï¼š[DistinctModelPO(userName=a1, passWord=b1), DistinctModelPO(userName=a2, passWord=b2), null]
2023-02-07 09:39:23.508 -- [1;35m[main][m [1;32mINFO [m com.example.javase.list.ListDistinctTest.distinctByList - åˆ©ç”¨Listçš„containsæ–¹æ³•å‰”é‡-ç»“æœï¼š[DistinctModelPO(userName=a1, passWord=b1), DistinctModelPO(userName=a2, passWord=b2), null]
2023-02-07 09:39:50.359 -- [1;35m[main][m [1;32mINFO [m com.example.javase.list.ListDistinctTest.distinctByHuTool - ä½¿ç”¨HuToolå·¥å…·å‰”é‡-ç»“æœï¼š[DistinctModelPO(userName=a1, passWord=b1), DistinctModelPO(userName=a2, passWord=b2), null]
2023-02-07 09:39:50.367 -- [1;35m[main][m [1;32mINFO [m com.example.javase.list.ListDistinctTest.distinctByLinkedHashSet - ä½¿ç”¨LinkedHashSetå‰”é‡-ç»“æœï¼š[DistinctModelPO(userName=a1, passWord=b1), DistinctModelPO(userName=a2, passWord=b2), null]
2023-02-07 09:39:50.371 -- [1;35m[main][m [1;32mINFO [m com.example.javase.list.ListDistinctTest.distinctByFor - åŒé‡forå¾ªç¯å‰”é‡-ç»“æœï¼š[DistinctModelPO(userName=a1, passWord=b1), DistinctModelPO(userName=a1, passWord=b3)]
2023-02-07 09:39:50.373 -- [1;35m[main][m [1;32mINFO [m com.example.javase.list.ListDistinctTest.distinctByStream - ä½¿ç”¨java8æ–°ç‰¹æ€§streamå‰”é‡-ç»“æœï¼š[DistinctModelPO(userName=a1, passWord=b1), DistinctModelPO(userName=a2, passWord=b2), null]
2023-02-07 09:39:50.375 -- [1;35m[main][m [1;32mINFO [m com.example.javase.list.ListDistinctTest.distinctByHashSet - ä½¿ç”¨HashSetä¸èƒ½æ·»åŠ é‡å¤æ•°æ®çš„ç‰¹æ€§å‰”é‡-ç»“æœï¼š[DistinctModelPO(userName=a1, passWord=b1), DistinctModelPO(userName=a2, passWord=b2), null]
2023-02-07 09:39:50.377 -- [1;35m[main][m [1;32mINFO [m com.example.javase.list.ListDistinctTest.distinctByList - åˆ©ç”¨Listçš„containsæ–¹æ³•å‰”é‡-ç»“æœï¼š[DistinctModelPO(userName=a1, passWord=b1), DistinctModelPO(userName=a2, passWord=b2), null]
2023-02-07 09:44:38.304 -- [1;35m[main][m [1;32mINFO [m com.example.javase.list.ListDistinctTest.distinctByImmutableSet - ä½¿ç”¨ImmutableSetå‰”é‡-ç»“æœï¼š[DistinctModelPO(userName=a1, passWord=b1), DistinctModelPO(userName=a2, passWord=b2)]
2023-02-07 09:57:41.678 -- [1;35m[main][m [1;32mINFO [m com.example.javase.list.ListDistinctTest.distinctByHuTool - ä½¿ç”¨HuToolå·¥å…·å‰”é‡-ç»“æœï¼š[DistinctModelPO(userName=a1, passWord=b1), DistinctModelPO(userName=a2, passWord=b2), null]
2023-02-07 09:57:41.688 -- [1;35m[main][m [1;32mINFO [m com.example.javase.list.ListDistinctTest.distinctByLinkedHashSet - ä½¿ç”¨LinkedHashSetå‰”é‡-ç»“æœï¼š[DistinctModelPO(userName=a1, passWord=b1), DistinctModelPO(userName=a2, passWord=b2), null]
2023-02-07 09:57:41.692 -- [1;35m[main][m [1;32mINFO [m com.example.javase.list.ListDistinctTest.distinctByFor - åŒé‡forå¾ªç¯å‰”é‡-ç»“æœï¼š[DistinctModelPO(userName=a1, passWord=b1), DistinctModelPO(userName=a1, passWord=b3)]
2023-02-07 09:57:41.701 -- [1;35m[main][m [1;32mINFO [m com.example.javase.list.ListDistinctTest.distinctByStream - ä½¿ç”¨java8æ–°ç‰¹æ€§streamå‰”é‡-ç»“æœï¼š[DistinctModelPO(userName=a1, passWord=b1), DistinctModelPO(userName=a2, passWord=b2), null]
2023-02-07 09:57:41.703 -- [1;35m[main][m [1;32mINFO [m com.example.javase.list.ListDistinctTest.distinctByHashSet - ä½¿ç”¨HashSetä¸èƒ½æ·»åŠ é‡å¤æ•°æ®çš„ç‰¹æ€§å‰”é‡-ç»“æœï¼š[DistinctModelPO(userName=a1, passWord=b1), DistinctModelPO(userName=a2, passWord=b2), null]
2023-02-07 09:57:41.714 -- [1;35m[main][m [1;32mINFO [m com.example.javase.list.ListDistinctTest.distinctByImmutableSet - ä½¿ç”¨ImmutableSetå‰”é‡-ç»“æœï¼š[DistinctModelPO(userName=a1, passWord=b1), DistinctModelPO(userName=a2, passWord=b2)]
2023-02-07 09:57:41.716 -- [1;35m[main][m [1;32mINFO [m com.example.javase.list.ListDistinctTest.distinctByList - åˆ©ç”¨Listçš„containsæ–¹æ³•å‰”é‡-ç»“æœï¼š[DistinctModelPO(userName=a1, passWord=b1), DistinctModelPO(userName=a2, passWord=b2), null]
